RUN	RecordedSimulation	recordedsimulation	1576301337333	 	3.3.1
USER	RecordedSimulation	3	START	1576301337999	1576301337999
USER	RecordedSimulation	2	START	1576301337969	1576301337969
USER	RecordedSimulation	1	START	1576301337969	1576301337969
USER	RecordedSimulation	4	START	1576301338009	1576301338009
USER	RecordedSimulation	5	START	1576301338019	1576301338019
USER	RecordedSimulation	6	START	1576301338028	1576301338028
USER	RecordedSimulation	7	START	1576301338038	1576301338038
USER	RecordedSimulation	8	START	1576301338049	1576301338049
USER	RecordedSimulation	9	START	1576301338059	1576301338059
USER	RecordedSimulation	10	START	1576301338069	1576301338069
USER	RecordedSimulation	11	START	1576301338079	1576301338079
USER	RecordedSimulation	12	START	1576301338088	1576301338088
USER	RecordedSimulation	13	START	1576301338098	1576301338098
USER	RecordedSimulation	14	START	1576301338109	1576301338109
USER	RecordedSimulation	15	START	1576301338119	1576301338119
USER	RecordedSimulation	16	START	1576301338129	1576301338129
USER	RecordedSimulation	17	START	1576301338139	1576301338139
USER	RecordedSimulation	18	START	1576301338148	1576301338148
USER	RecordedSimulation	19	START	1576301338159	1576301338159
USER	RecordedSimulation	20	START	1576301338169	1576301338169
USER	RecordedSimulation	21	START	1576301338179	1576301338179
USER	RecordedSimulation	22	START	1576301338188	1576301338188
USER	RecordedSimulation	23	START	1576301338199	1576301338199
USER	RecordedSimulation	24	START	1576301338209	1576301338209
USER	RecordedSimulation	25	START	1576301338219	1576301338219
USER	RecordedSimulation	26	START	1576301338229	1576301338229
USER	RecordedSimulation	27	START	1576301338239	1576301338239
USER	RecordedSimulation	28	START	1576301338249	1576301338249
USER	RecordedSimulation	29	START	1576301338258	1576301338258
USER	RecordedSimulation	30	START	1576301338269	1576301338269
USER	RecordedSimulation	31	START	1576301338279	1576301338279
USER	RecordedSimulation	32	START	1576301338288	1576301338288
USER	RecordedSimulation	33	START	1576301338299	1576301338299
USER	RecordedSimulation	34	START	1576301338309	1576301338309
USER	RecordedSimulation	35	START	1576301338319	1576301338319
USER	RecordedSimulation	37	START	1576301338347	1576301338347
USER	RecordedSimulation	36	START	1576301338347	1576301338347
USER	RecordedSimulation	38	START	1576301338349	1576301338349
USER	RecordedSimulation	39	START	1576301338358	1576301338358
REQUEST	3		request_0	1576301338059	1576301338287	OK	 
REQUEST	4		request_0	1576301338015	1576301338282	OK	 
REQUEST	2		request_0	1576301338159	1576301338368	OK	 
USER	RecordedSimulation	40	START	1576301338368	1576301338368
USER	RecordedSimulation	4	END	1576301338009	1576301338377
USER	RecordedSimulation	2	END	1576301337969	1576301338377
USER	RecordedSimulation	3	END	1576301337999	1576301338377
USER	RecordedSimulation	41	START	1576301338380	1576301338380
USER	RecordedSimulation	42	START	1576301338389	1576301338389
USER	RecordedSimulation	43	START	1576301338399	1576301338399
USER	RecordedSimulation	44	START	1576301338408	1576301338408
USER	RecordedSimulation	45	START	1576301338419	1576301338419
USER	RecordedSimulation	46	START	1576301338429	1576301338429
USER	RecordedSimulation	47	START	1576301338438	1576301338438
USER	RecordedSimulation	48	START	1576301338448	1576301338448
USER	RecordedSimulation	49	START	1576301338458	1576301338458
USER	RecordedSimulation	50	START	1576301338469	1576301338469
REQUEST	1		request_0	1576301338259	1576301338471	OK	 
USER	RecordedSimulation	1	END	1576301337969	1576301338472
USER	RecordedSimulation	51	START	1576301338479	1576301338479
USER	RecordedSimulation	52	START	1576301338489	1576301338489
USER	RecordedSimulation	53	START	1576301338498	1576301338498
USER	RecordedSimulation	54	START	1576301338509	1576301338509
USER	RecordedSimulation	55	START	1576301338519	1576301338519
USER	RecordedSimulation	56	START	1576301338529	1576301338529
USER	RecordedSimulation	57	START	1576301338539	1576301338539
USER	RecordedSimulation	58	START	1576301338549	1576301338549
USER	RecordedSimulation	59	START	1576301338559	1576301338559
USER	RecordedSimulation	60	START	1576301338569	1576301338569
REQUEST	5		request_0	1576301338369	1576301338575	OK	 
USER	RecordedSimulation	5	END	1576301338019	1576301338577
USER	RecordedSimulation	61	START	1576301338579	1576301338579
USER	RecordedSimulation	62	START	1576301338598	1576301338598
USER	RecordedSimulation	63	START	1576301338609	1576301338609
USER	RecordedSimulation	64	START	1576301338619	1576301338619
USER	RecordedSimulation	65	START	1576301338628	1576301338628
USER	RecordedSimulation	66	START	1576301338639	1576301338639
USER	RecordedSimulation	67	START	1576301338649	1576301338649
USER	RecordedSimulation	68	START	1576301338659	1576301338659
USER	RecordedSimulation	69	START	1576301338668	1576301338668
USER	RecordedSimulation	70	START	1576301338679	1576301338679
REQUEST	6		request_0	1576301338469	1576301338681	OK	 
USER	RecordedSimulation	6	END	1576301338028	1576301338683
USER	RecordedSimulation	71	START	1576301338689	1576301338689
USER	RecordedSimulation	72	START	1576301338699	1576301338699
USER	RecordedSimulation	73	START	1576301338709	1576301338709
USER	RecordedSimulation	74	START	1576301338719	1576301338719
USER	RecordedSimulation	75	START	1576301338729	1576301338729
USER	RecordedSimulation	76	START	1576301338738	1576301338738
USER	RecordedSimulation	77	START	1576301338749	1576301338749
USER	RecordedSimulation	78	START	1576301338759	1576301338759
USER	RecordedSimulation	79	START	1576301338769	1576301338769
USER	RecordedSimulation	80	START	1576301338778	1576301338778
USER	RecordedSimulation	81	START	1576301338788	1576301338788
REQUEST	7		request_0	1576301338569	1576301338796	OK	 
USER	RecordedSimulation	7	END	1576301338038	1576301338797
USER	RecordedSimulation	82	START	1576301338799	1576301338799
USER	RecordedSimulation	83	START	1576301338809	1576301338809
USER	RecordedSimulation	84	START	1576301338819	1576301338819
USER	RecordedSimulation	85	START	1576301338828	1576301338828
USER	RecordedSimulation	86	START	1576301338839	1576301338839
USER	RecordedSimulation	87	START	1576301338849	1576301338849
USER	RecordedSimulation	88	START	1576301338858	1576301338858
USER	RecordedSimulation	89	START	1576301338869	1576301338869
USER	RecordedSimulation	90	START	1576301338879	1576301338879
USER	RecordedSimulation	91	START	1576301338888	1576301338888
USER	RecordedSimulation	92	START	1576301338899	1576301338899
USER	RecordedSimulation	93	START	1576301338909	1576301338909
USER	RecordedSimulation	94	START	1576301338919	1576301338919
USER	RecordedSimulation	95	START	1576301338928	1576301338928
USER	RecordedSimulation	96	START	1576301338938	1576301338938
REQUEST	8		request_0	1576301338668	1576301338946	OK	 
USER	RecordedSimulation	8	END	1576301338049	1576301338947
USER	RecordedSimulation	97	START	1576301338949	1576301338949
REQUEST	9		request_0	1576301338769	1576301338957	OK	 
USER	RecordedSimulation	9	END	1576301338059	1576301338958
USER	RecordedSimulation	98	START	1576301338959	1576301338959
USER	RecordedSimulation	99	START	1576301338968	1576301338968
USER	RecordedSimulation	100	START	1576301338979	1576301338979
USER	RecordedSimulation	101	START	1576301338989	1576301338989
USER	RecordedSimulation	102	START	1576301338999	1576301338999
USER	RecordedSimulation	103	START	1576301339008	1576301339008
USER	RecordedSimulation	104	START	1576301339018	1576301339018
USER	RecordedSimulation	105	START	1576301339029	1576301339029
USER	RecordedSimulation	106	START	1576301339039	1576301339039
USER	RecordedSimulation	107	START	1576301339048	1576301339048
USER	RecordedSimulation	108	START	1576301339059	1576301339059
USER	RecordedSimulation	109	START	1576301339069	1576301339069
USER	RecordedSimulation	110	START	1576301339079	1576301339079
USER	RecordedSimulation	111	START	1576301339089	1576301339089
REQUEST	10		request_0	1576301338869	1576301339093	OK	 
USER	RecordedSimulation	10	END	1576301338069	1576301339096
USER	RecordedSimulation	112	START	1576301339099	1576301339099
USER	RecordedSimulation	113	START	1576301339109	1576301339109
USER	RecordedSimulation	114	START	1576301339119	1576301339119
USER	RecordedSimulation	115	START	1576301339129	1576301339129
REQUEST	11		request_0	1576301338949	1576301339134	OK	 
USER	RecordedSimulation	11	END	1576301338079	1576301339136
USER	RecordedSimulation	116	START	1576301339139	1576301339139
USER	RecordedSimulation	117	START	1576301339149	1576301339149
USER	RecordedSimulation	118	START	1576301339158	1576301339158
USER	RecordedSimulation	119	START	1576301339169	1576301339169
USER	RecordedSimulation	120	START	1576301339179	1576301339179
USER	RecordedSimulation	121	START	1576301339189	1576301339189
REQUEST	12		request_0	1576301339018	1576301339199	OK	 
USER	RecordedSimulation	12	END	1576301338088	1576301339199
USER	RecordedSimulation	122	START	1576301339199	1576301339199
USER	RecordedSimulation	123	START	1576301339208	1576301339208
USER	RecordedSimulation	124	START	1576301339219	1576301339219
USER	RecordedSimulation	125	START	1576301339229	1576301339229
USER	RecordedSimulation	126	START	1576301339239	1576301339239
REQUEST	13		request_0	1576301339069	1576301339248	OK	 
USER	RecordedSimulation	13	END	1576301338098	1576301339250
USER	RecordedSimulation	127	START	1576301339249	1576301339249
USER	RecordedSimulation	128	START	1576301339258	1576301339258
USER	RecordedSimulation	129	START	1576301339268	1576301339268
USER	RecordedSimulation	130	START	1576301339279	1576301339279
USER	RecordedSimulation	131	START	1576301339289	1576301339289
REQUEST	14		request_0	1576301339119	1576301339299	OK	 
USER	RecordedSimulation	132	START	1576301339299	1576301339299
USER	RecordedSimulation	14	END	1576301338109	1576301339300
USER	RecordedSimulation	133	START	1576301339308	1576301339308
USER	RecordedSimulation	134	START	1576301339319	1576301339319
USER	RecordedSimulation	135	START	1576301339329	1576301339329
USER	RecordedSimulation	136	START	1576301339339	1576301339339
USER	RecordedSimulation	137	START	1576301339349	1576301339349
REQUEST	15		request_0	1576301339169	1576301339357	OK	 
USER	RecordedSimulation	15	END	1576301338119	1576301339358
USER	RecordedSimulation	138	START	1576301339358	1576301339358
USER	RecordedSimulation	139	START	1576301339369	1576301339369
USER	RecordedSimulation	140	START	1576301339379	1576301339379
USER	RecordedSimulation	141	START	1576301339389	1576301339389
REQUEST	16		request_0	1576301339219	1576301339398	OK	 
USER	RecordedSimulation	16	END	1576301338129	1576301339399
USER	RecordedSimulation	142	START	1576301339399	1576301339399
USER	RecordedSimulation	143	START	1576301339408	1576301339408
USER	RecordedSimulation	144	START	1576301339419	1576301339419
USER	RecordedSimulation	145	START	1576301339429	1576301339429
USER	RecordedSimulation	146	START	1576301339439	1576301339439
REQUEST	17		request_0	1576301339268	1576301339448	OK	 
USER	RecordedSimulation	147	START	1576301339448	1576301339448
USER	RecordedSimulation	17	END	1576301338139	1576301339451
USER	RecordedSimulation	148	START	1576301339459	1576301339459
USER	RecordedSimulation	149	START	1576301339469	1576301339469
USER	RecordedSimulation	150	START	1576301339479	1576301339479
USER	RecordedSimulation	151	START	1576301339488	1576301339488
REQUEST	18		request_0	1576301339319	1576301339497	OK	 
USER	RecordedSimulation	18	END	1576301338148	1576301339498
USER	RecordedSimulation	152	START	1576301339498	1576301339498
USER	RecordedSimulation	153	START	1576301339509	1576301339509
USER	RecordedSimulation	154	START	1576301339519	1576301339519
USER	RecordedSimulation	155	START	1576301339529	1576301339529
USER	RecordedSimulation	156	START	1576301339538	1576301339538
REQUEST	19		request_0	1576301339369	1576301339544	OK	 
USER	RecordedSimulation	19	END	1576301338159	1576301339546
USER	RecordedSimulation	157	START	1576301339549	1576301339549
USER	RecordedSimulation	158	START	1576301339559	1576301339559
USER	RecordedSimulation	159	START	1576301339569	1576301339569
USER	RecordedSimulation	160	START	1576301339578	1576301339578
USER	RecordedSimulation	161	START	1576301339589	1576301339589
REQUEST	20		request_0	1576301339419	1576301339598	OK	 
USER	RecordedSimulation	20	END	1576301338169	1576301339600
USER	RecordedSimulation	162	START	1576301339600	1576301339600
USER	RecordedSimulation	163	START	1576301339609	1576301339609
USER	RecordedSimulation	164	START	1576301339619	1576301339619
USER	RecordedSimulation	165	START	1576301339629	1576301339629
USER	RecordedSimulation	166	START	1576301339639	1576301339639
USER	RecordedSimulation	167	START	1576301339649	1576301339649
REQUEST	21		request_0	1576301339469	1576301339650	OK	 
USER	RecordedSimulation	21	END	1576301338179	1576301339652
USER	RecordedSimulation	168	START	1576301339658	1576301339658
USER	RecordedSimulation	169	START	1576301339668	1576301339668
USER	RecordedSimulation	170	START	1576301339679	1576301339679
USER	RecordedSimulation	171	START	1576301339689	1576301339689
REQUEST	22		request_0	1576301339519	1576301339696	OK	 
USER	RecordedSimulation	22	END	1576301338188	1576301339697
USER	RecordedSimulation	172	START	1576301339699	1576301339699
USER	RecordedSimulation	173	START	1576301339708	1576301339708
USER	RecordedSimulation	174	START	1576301339718	1576301339718
USER	RecordedSimulation	175	START	1576301339728	1576301339728
USER	RecordedSimulation	176	START	1576301339739	1576301339739
USER	RecordedSimulation	177	START	1576301339749	1576301339749
REQUEST	23		request_0	1576301339569	1576301339750	OK	 
USER	RecordedSimulation	23	END	1576301338199	1576301339750
USER	RecordedSimulation	178	START	1576301339759	1576301339759
USER	RecordedSimulation	179	START	1576301339769	1576301339769
USER	RecordedSimulation	180	START	1576301339778	1576301339778
USER	RecordedSimulation	181	START	1576301339788	1576301339788
REQUEST	24		request_0	1576301339619	1576301339797	OK	 
USER	RecordedSimulation	24	END	1576301338209	1576301339797
USER	RecordedSimulation	182	START	1576301339798	1576301339798
USER	RecordedSimulation	183	START	1576301339809	1576301339809
USER	RecordedSimulation	184	START	1576301339819	1576301339819
USER	RecordedSimulation	185	START	1576301339829	1576301339829
USER	RecordedSimulation	186	START	1576301339839	1576301339839
REQUEST	25		request_0	1576301339668	1576301339844	OK	 
USER	RecordedSimulation	25	END	1576301338219	1576301339845
USER	RecordedSimulation	187	START	1576301339848	1576301339848
USER	RecordedSimulation	188	START	1576301339858	1576301339858
USER	RecordedSimulation	189	START	1576301339868	1576301339868
USER	RecordedSimulation	190	START	1576301339879	1576301339879
USER	RecordedSimulation	191	START	1576301339889	1576301339889
REQUEST	26		request_0	1576301339718	1576301339893	OK	 
USER	RecordedSimulation	26	END	1576301338229	1576301339893
USER	RecordedSimulation	192	START	1576301339899	1576301339899
USER	RecordedSimulation	193	START	1576301339909	1576301339909
USER	RecordedSimulation	194	START	1576301339919	1576301339919
USER	RecordedSimulation	195	START	1576301339928	1576301339928
USER	RecordedSimulation	196	START	1576301339938	1576301339938
REQUEST	27		request_0	1576301339769	1576301339947	OK	 
USER	RecordedSimulation	27	END	1576301338239	1576301339948
USER	RecordedSimulation	197	START	1576301339948	1576301339948
USER	RecordedSimulation	198	START	1576301339959	1576301339959
USER	RecordedSimulation	199	START	1576301339969	1576301339969
USER	RecordedSimulation	200	START	1576301339979	1576301339979
USER	RecordedSimulation	201	START	1576301339988	1576301339988
REQUEST	28		request_0	1576301339819	1576301339997	OK	 
USER	RecordedSimulation	28	END	1576301338249	1576301339997
USER	RecordedSimulation	203	START	1576301339998	1576301339998
USER	RecordedSimulation	202	START	1576301339998	1576301339998
USER	RecordedSimulation	204	START	1576301340008	1576301340008
USER	RecordedSimulation	205	START	1576301340018	1576301340018
USER	RecordedSimulation	206	START	1576301340029	1576301340029
USER	RecordedSimulation	207	START	1576301340039	1576301340039
REQUEST	29		request_0	1576301339868	1576301340043	OK	 
USER	RecordedSimulation	29	END	1576301338258	1576301340044
USER	RecordedSimulation	208	START	1576301340049	1576301340049
USER	RecordedSimulation	209	START	1576301340058	1576301340058
USER	RecordedSimulation	210	START	1576301340068	1576301340068
USER	RecordedSimulation	211	START	1576301340078	1576301340078
USER	RecordedSimulation	212	START	1576301340089	1576301340089
USER	RecordedSimulation	213	START	1576301340099	1576301340099
REQUEST	30		request_0	1576301339919	1576301340100	OK	 
USER	RecordedSimulation	30	END	1576301338269	1576301340101
USER	RecordedSimulation	214	START	1576301340109	1576301340109
USER	RecordedSimulation	215	START	1576301340119	1576301340119
REQUEST	31		request_0	1576301339949	1576301340125	OK	 
USER	RecordedSimulation	31	END	1576301338279	1576301340125
USER	RecordedSimulation	216	START	1576301340128	1576301340128
USER	RecordedSimulation	217	START	1576301340138	1576301340138
USER	RecordedSimulation	218	START	1576301340149	1576301340149
USER	RecordedSimulation	219	START	1576301340159	1576301340159
USER	RecordedSimulation	220	START	1576301340169	1576301340169
USER	RecordedSimulation	221	START	1576301340179	1576301340179
REQUEST	32		request_0	1576301340008	1576301340186	OK	 
USER	RecordedSimulation	32	END	1576301338288	1576301340187
USER	RecordedSimulation	222	START	1576301340188	1576301340188
USER	RecordedSimulation	223	START	1576301340198	1576301340198
USER	RecordedSimulation	224	START	1576301340209	1576301340209
REQUEST	33		request_0	1576301340039	1576301340217	OK	 
USER	RecordedSimulation	33	END	1576301338299	1576301340218
USER	RecordedSimulation	225	START	1576301340219	1576301340219
USER	RecordedSimulation	226	START	1576301340229	1576301340229
USER	RecordedSimulation	227	START	1576301340239	1576301340239
REQUEST	34		request_0	1576301340068	1576301340247	OK	 
USER	RecordedSimulation	34	END	1576301338309	1576301340248
USER	RecordedSimulation	228	START	1576301340248	1576301340248
USER	RecordedSimulation	229	START	1576301340258	1576301340258
USER	RecordedSimulation	230	START	1576301340268	1576301340268
USER	RecordedSimulation	231	START	1576301340279	1576301340279
USER	RecordedSimulation	232	START	1576301340289	1576301340289
USER	RecordedSimulation	233	START	1576301340299	1576301340299
USER	RecordedSimulation	234	START	1576301340309	1576301340309
USER	RecordedSimulation	235	START	1576301340319	1576301340319
USER	RecordedSimulation	236	START	1576301340328	1576301340328
USER	RecordedSimulation	237	START	1576301340338	1576301340338
USER	RecordedSimulation	238	START	1576301340349	1576301340349
REQUEST	35		request_0	1576301340109	1576301340353	OK	 
USER	RecordedSimulation	35	END	1576301338319	1576301340354
USER	RecordedSimulation	239	START	1576301340359	1576301340359
USER	RecordedSimulation	240	START	1576301340369	1576301340369
USER	RecordedSimulation	241	START	1576301340379	1576301340379
USER	RecordedSimulation	242	START	1576301340388	1576301340388
USER	RecordedSimulation	243	START	1576301340398	1576301340398
USER	RecordedSimulation	244	START	1576301340408	1576301340408
USER	RecordedSimulation	245	START	1576301340419	1576301340419
REQUEST	37		request_0	1576301340138	1576301340427	OK	 
USER	RecordedSimulation	37	END	1576301338347	1576301340428
USER	RecordedSimulation	246	START	1576301340429	1576301340429
REQUEST	36		request_0	1576301340169	1576301340430	OK	 
USER	RecordedSimulation	36	END	1576301338347	1576301340430
USER	RecordedSimulation	247	START	1576301340439	1576301340439
REQUEST	38		request_0	1576301340209	1576301340446	OK	 
USER	RecordedSimulation	38	END	1576301338349	1576301340447
USER	RecordedSimulation	248	START	1576301340449	1576301340449
USER	RecordedSimulation	249	START	1576301340459	1576301340459
USER	RecordedSimulation	250	START	1576301340468	1576301340468
REQUEST	39		request_0	1576301340239	1576301340471	OK	 
USER	RecordedSimulation	39	END	1576301338358	1576301340471
USER	RecordedSimulation	251	START	1576301340478	1576301340478
USER	RecordedSimulation	252	START	1576301340488	1576301340488
USER	RecordedSimulation	253	START	1576301340499	1576301340499
USER	RecordedSimulation	254	START	1576301340509	1576301340509
USER	RecordedSimulation	255	START	1576301340518	1576301340518
REQUEST	42		request_0	1576301340338	1576301340527	OK	 
USER	RecordedSimulation	42	END	1576301338389	1576301340527
REQUEST	40		request_0	1576301340268	1576301340527	OK	 
USER	RecordedSimulation	40	END	1576301338368	1576301340528
USER	RecordedSimulation	256	START	1576301340528	1576301340528
USER	RecordedSimulation	257	START	1576301340539	1576301340539
REQUEST	41		request_0	1576301340309	1576301340546	OK	 
USER	RecordedSimulation	41	END	1576301338380	1576301340547
USER	RecordedSimulation	258	START	1576301340549	1576301340549
USER	RecordedSimulation	259	START	1576301340559	1576301340559
USER	RecordedSimulation	260	START	1576301340569	1576301340569
USER	RecordedSimulation	261	START	1576301340579	1576301340579
USER	RecordedSimulation	262	START	1576301340589	1576301340589
REQUEST	43		request_0	1576301340369	1576301340593	OK	 
USER	RecordedSimulation	43	END	1576301338399	1576301340594
USER	RecordedSimulation	263	START	1576301340599	1576301340599
REQUEST	44		request_0	1576301340408	1576301340609	OK	 
USER	RecordedSimulation	44	END	1576301338408	1576301340610
USER	RecordedSimulation	264	START	1576301340609	1576301340609
USER	RecordedSimulation	265	START	1576301340618	1576301340618
USER	RecordedSimulation	266	START	1576301340629	1576301340629
USER	RecordedSimulation	267	START	1576301340639	1576301340639
USER	RecordedSimulation	268	START	1576301340649	1576301340649
USER	RecordedSimulation	269	START	1576301340659	1576301340659
REQUEST	45		request_0	1576301340439	1576301340668	OK	 
USER	RecordedSimulation	45	END	1576301338419	1576301340668
USER	RecordedSimulation	270	START	1576301340668	1576301340668
USER	RecordedSimulation	271	START	1576301340678	1576301340678
USER	RecordedSimulation	272	START	1576301340689	1576301340689
REQUEST	46		request_0	1576301340468	1576301340695	OK	 
USER	RecordedSimulation	46	END	1576301338429	1576301340696
USER	RecordedSimulation	273	START	1576301340699	1576301340699
USER	RecordedSimulation	274	START	1576301340709	1576301340709
USER	RecordedSimulation	275	START	1576301340718	1576301340718
REQUEST	47		request_0	1576301340509	1576301340727	OK	 
USER	RecordedSimulation	47	END	1576301338438	1576301340728
USER	RecordedSimulation	276	START	1576301340729	1576301340729
REQUEST	48		request_0	1576301340539	1576301340737	OK	 
USER	RecordedSimulation	48	END	1576301338448	1576301340739
USER	RecordedSimulation	277	START	1576301340739	1576301340739
USER	RecordedSimulation	278	START	1576301340749	1576301340749
USER	RecordedSimulation	279	START	1576301340758	1576301340758
USER	RecordedSimulation	280	START	1576301340769	1576301340769
REQUEST	49		request_0	1576301340569	1576301340775	OK	 
USER	RecordedSimulation	49	END	1576301338458	1576301340776
USER	RecordedSimulation	281	START	1576301340779	1576301340779
USER	RecordedSimulation	282	START	1576301340789	1576301340789
REQUEST	50		request_0	1576301340609	1576301340798	OK	 
USER	RecordedSimulation	283	START	1576301340798	1576301340798
USER	RecordedSimulation	50	END	1576301338469	1576301340799
USER	RecordedSimulation	284	START	1576301340809	1576301340809
USER	RecordedSimulation	285	START	1576301340819	1576301340819
USER	RecordedSimulation	286	START	1576301340829	1576301340829
USER	RecordedSimulation	287	START	1576301340840	1576301340840
REQUEST	51		request_0	1576301340639	1576301340841	OK	 
USER	RecordedSimulation	51	END	1576301338479	1576301340841
USER	RecordedSimulation	288	START	1576301340848	1576301340848
REQUEST	52		request_0	1576301340668	1576301340856	OK	 
USER	RecordedSimulation	52	END	1576301338489	1576301340857
USER	RecordedSimulation	289	START	1576301340858	1576301340858
USER	RecordedSimulation	290	START	1576301340869	1576301340869
USER	RecordedSimulation	291	START	1576301340879	1576301340879
USER	RecordedSimulation	292	START	1576301340889	1576301340889
REQUEST	53		request_0	1576301340709	1576301340894	OK	 
USER	RecordedSimulation	53	END	1576301338498	1576301340895
USER	RecordedSimulation	293	START	1576301340898	1576301340898
USER	RecordedSimulation	294	START	1576301340908	1576301340908
USER	RecordedSimulation	295	START	1576301340919	1576301340919
REQUEST	54		request_0	1576301340739	1576301340920	OK	 
USER	RecordedSimulation	54	END	1576301338509	1576301340921
USER	RecordedSimulation	296	START	1576301340929	1576301340929
USER	RecordedSimulation	297	START	1576301340939	1576301340939
USER	RecordedSimulation	298	START	1576301340948	1576301340948
USER	RecordedSimulation	299	START	1576301340959	1576301340959
REQUEST	55		request_0	1576301340769	1576301340963	OK	 
USER	RecordedSimulation	55	END	1576301338519	1576301340965
USER	RecordedSimulation	300	START	1576301340969	1576301340969
USER	RecordedSimulation	301	START	1576301340979	1576301340979
REQUEST	56		request_0	1576301340809	1576301340988	OK	 
USER	RecordedSimulation	302	START	1576301340988	1576301340988
USER	RecordedSimulation	56	END	1576301338529	1576301340989
USER	RecordedSimulation	303	START	1576301340999	1576301340999
USER	RecordedSimulation	304	START	1576301341009	1576301341009
USER	RecordedSimulation	305	START	1576301341019	1576301341019
REQUEST	57		request_0	1576301340840	1576301341022	OK	 
USER	RecordedSimulation	57	END	1576301338539	1576301341023
USER	RecordedSimulation	306	START	1576301341029	1576301341029
USER	RecordedSimulation	307	START	1576301341038	1576301341038
REQUEST	58		request_0	1576301340869	1576301341049	OK	 
USER	RecordedSimulation	308	START	1576301341049	1576301341049
USER	RecordedSimulation	58	END	1576301338549	1576301341050
USER	RecordedSimulation	309	START	1576301341059	1576301341059
USER	RecordedSimulation	310	START	1576301341069	1576301341069
USER	RecordedSimulation	311	START	1576301341078	1576301341078
REQUEST	59		request_0	1576301340908	1576301341085	OK	 
USER	RecordedSimulation	59	END	1576301338559	1576301341085
USER	RecordedSimulation	312	START	1576301341088	1576301341088
USER	RecordedSimulation	313	START	1576301341099	1576301341099
USER	RecordedSimulation	314	START	1576301341109	1576301341109
USER	RecordedSimulation	315	START	1576301341119	1576301341119
REQUEST	60		request_0	1576301340939	1576301341127	OK	 
USER	RecordedSimulation	60	END	1576301338569	1576301341128
USER	RecordedSimulation	316	START	1576301341128	1576301341128
USER	RecordedSimulation	317	START	1576301341138	1576301341138
USER	RecordedSimulation	318	START	1576301341149	1576301341149
REQUEST	61		request_0	1576301340949	1576301341152	OK	 
USER	RecordedSimulation	61	END	1576301338579	1576301341153
USER	RecordedSimulation	319	START	1576301341159	1576301341159
USER	RecordedSimulation	320	START	1576301341169	1576301341169
USER	RecordedSimulation	321	START	1576301341178	1576301341178
USER	RecordedSimulation	322	START	1576301341188	1576301341188
REQUEST	62		request_0	1576301340999	1576301341190	OK	 
USER	RecordedSimulation	62	END	1576301338598	1576301341191
USER	RecordedSimulation	323	START	1576301341198	1576301341198
REQUEST	63		request_0	1576301341019	1576301341205	OK	 
USER	RecordedSimulation	63	END	1576301338609	1576301341205
USER	RecordedSimulation	324	START	1576301341209	1576301341209
USER	RecordedSimulation	325	START	1576301341219	1576301341219
USER	RecordedSimulation	326	START	1576301341229	1576301341229
USER	RecordedSimulation	327	START	1576301341238	1576301341238
USER	RecordedSimulation	328	START	1576301341248	1576301341248
USER	RecordedSimulation	329	START	1576301341259	1576301341259
REQUEST	65		request_0	1576301341069	1576301341267	OK	 
USER	RecordedSimulation	65	END	1576301338628	1576301341268
USER	RecordedSimulation	330	START	1576301341269	1576301341269
REQUEST	64		request_0	1576301341049	1576301341277	OK	 
USER	RecordedSimulation	64	END	1576301338619	1576301341278
USER	RecordedSimulation	331	START	1576301341279	1576301341279
USER	RecordedSimulation	332	START	1576301341288	1576301341288
USER	RecordedSimulation	333	START	1576301341298	1576301341298
USER	RecordedSimulation	334	START	1576301341309	1576301341309
USER	RecordedSimulation	335	START	1576301341319	1576301341319
USER	RecordedSimulation	336	START	1576301341329	1576301341329
REQUEST	68		request_0	1576301341149	1576301341339	OK	 
USER	RecordedSimulation	68	END	1576301338659	1576301341340
USER	RecordedSimulation	337	START	1576301341339	1576301341339
USER	RecordedSimulation	338	START	1576301341348	1576301341348
USER	RecordedSimulation	339	START	1576301341359	1576301341359
USER	RecordedSimulation	340	START	1576301341369	1576301341369
REQUEST	66		request_0	1576301341099	1576301341377	OK	 
USER	RecordedSimulation	66	END	1576301338639	1576301341378
USER	RecordedSimulation	341	START	1576301341379	1576301341379
REQUEST	67		request_0	1576301341119	1576301341384	OK	 
USER	RecordedSimulation	67	END	1576301338649	1576301341385
USER	RecordedSimulation	342	START	1576301341389	1576301341389
USER	RecordedSimulation	343	START	1576301341398	1576301341398
USER	RecordedSimulation	344	START	1576301341409	1576301341409
USER	RecordedSimulation	345	START	1576301341419	1576301341419
USER	RecordedSimulation	346	START	1576301341429	1576301341429
USER	RecordedSimulation	347	START	1576301341438	1576301341438
USER	RecordedSimulation	348	START	1576301341448	1576301341448
REQUEST	69		request_0	1576301341169	1576301341454	OK	 
USER	RecordedSimulation	69	END	1576301338668	1576301341455
USER	RecordedSimulation	349	START	1576301341459	1576301341459
REQUEST	71		request_0	1576301341219	1576301341469	OK	 
USER	RecordedSimulation	350	START	1576301341469	1576301341469
USER	RecordedSimulation	71	END	1576301338689	1576301341470
USER	RecordedSimulation	351	START	1576301341479	1576301341479
USER	RecordedSimulation	352	START	1576301341489	1576301341489
REQUEST	70		request_0	1576301341198	1576301341493	OK	 
USER	RecordedSimulation	70	END	1576301338679	1576301341493
USER	RecordedSimulation	353	START	1576301341498	1576301341498
USER	RecordedSimulation	354	START	1576301341508	1576301341508
USER	RecordedSimulation	355	START	1576301341519	1576301341519
USER	RecordedSimulation	356	START	1576301341529	1576301341529
USER	RecordedSimulation	357	START	1576301341539	1576301341539
USER	RecordedSimulation	358	START	1576301341549	1576301341549
USER	RecordedSimulation	359	START	1576301341558	1576301341558
REQUEST	72		request_0	1576301341249	1576301341563	OK	 
USER	RecordedSimulation	72	END	1576301338699	1576301341564
REQUEST	73		request_0	1576301341269	1576301341564	OK	 
USER	RecordedSimulation	73	END	1576301338709	1576301341565
USER	RecordedSimulation	360	START	1576301341569	1576301341569
USER	RecordedSimulation	361	START	1576301341579	1576301341579
USER	RecordedSimulation	362	START	1576301341589	1576301341589
USER	RecordedSimulation	363	START	1576301341599	1576301341599
USER	RecordedSimulation	364	START	1576301341608	1576301341608
REQUEST	75		request_0	1576301341319	1576301341617	OK	 
USER	RecordedSimulation	75	END	1576301338729	1576301341617
USER	RecordedSimulation	365	START	1576301341618	1576301341618
USER	RecordedSimulation	366	START	1576301341629	1576301341629
USER	RecordedSimulation	367	START	1576301341639	1576301341639
USER	RecordedSimulation	368	START	1576301341649	1576301341649
USER	RecordedSimulation	369	START	1576301341658	1576301341658
USER	RecordedSimulation	370	START	1576301341669	1576301341669
USER	RecordedSimulation	371	START	1576301341679	1576301341679
REQUEST	77		request_0	1576301341369	1576301341681	OK	 
USER	RecordedSimulation	77	END	1576301338749	1576301341682
USER	RecordedSimulation	372	START	1576301341689	1576301341689
REQUEST	74		request_0	1576301341298	1576301341690	OK	 
USER	RecordedSimulation	74	END	1576301338719	1576301341691
USER	RecordedSimulation	373	START	1576301341699	1576301341699
USER	RecordedSimulation	374	START	1576301341708	1576301341708
USER	RecordedSimulation	375	START	1576301341718	1576301341718
REQUEST	76		request_0	1576301341348	1576301341721	OK	 
USER	RecordedSimulation	76	END	1576301338738	1576301341722
USER	RecordedSimulation	376	START	1576301341729	1576301341729
USER	RecordedSimulation	377	START	1576301341739	1576301341739
USER	RecordedSimulation	378	START	1576301341749	1576301341749
USER	RecordedSimulation	379	START	1576301341758	1576301341758
USER	RecordedSimulation	380	START	1576301341769	1576301341769
USER	RecordedSimulation	381	START	1576301341779	1576301341779
REQUEST	78		request_0	1576301341398	1576301341782	OK	 
USER	RecordedSimulation	78	END	1576301338759	1576301341783
USER	RecordedSimulation	382	START	1576301341789	1576301341789
USER	RecordedSimulation	383	START	1576301341799	1576301341799
REQUEST	79		request_0	1576301341419	1576301341807	OK	 
USER	RecordedSimulation	79	END	1576301338769	1576301341807
USER	RecordedSimulation	384	START	1576301341808	1576301341808
USER	RecordedSimulation	385	START	1576301341818	1576301341818
USER	RecordedSimulation	386	START	1576301341829	1576301341829
USER	RecordedSimulation	387	START	1576301341839	1576301341839
USER	RecordedSimulation	388	START	1576301341849	1576301341849
REQUEST	80		request_0	1576301341448	1576301341852	OK	 
USER	RecordedSimulation	80	END	1576301338778	1576301341853
USER	RecordedSimulation	389	START	1576301341858	1576301341858
USER	RecordedSimulation	390	START	1576301341868	1576301341868
USER	RecordedSimulation	391	START	1576301341878	1576301341878
USER	RecordedSimulation	392	START	1576301341889	1576301341889
USER	RecordedSimulation	393	START	1576301341899	1576301341899
USER	RecordedSimulation	394	START	1576301341909	1576301341909
REQUEST	82		request_0	1576301341498	1576301341918	OK	 
USER	RecordedSimulation	395	START	1576301341918	1576301341918
USER	RecordedSimulation	82	END	1576301338799	1576301341920
REQUEST	81		request_0	1576301341469	1576301341926	OK	 
USER	RecordedSimulation	81	END	1576301338788	1576301341927
USER	RecordedSimulation	396	START	1576301341929	1576301341929
USER	RecordedSimulation	397	START	1576301341939	1576301341939
USER	RecordedSimulation	398	START	1576301341949	1576301341949
REQUEST	84		request_0	1576301341549	1576301341953	OK	 
USER	RecordedSimulation	84	END	1576301338819	1576301341955
USER	RecordedSimulation	399	START	1576301341958	1576301341958
USER	RecordedSimulation	400	START	1576301341968	1576301341968
REQUEST	83		request_0	1576301341519	1576301341971	OK	 
USER	RecordedSimulation	83	END	1576301338809	1576301341972
USER	RecordedSimulation	401	START	1576301341979	1576301341979
USER	RecordedSimulation	402	START	1576301341989	1576301341989
USER	RecordedSimulation	403	START	1576301341999	1576301341999
USER	RecordedSimulation	404	START	1576301342008	1576301342008
USER	RecordedSimulation	405	START	1576301342018	1576301342018
USER	RecordedSimulation	406	START	1576301342029	1576301342029
USER	RecordedSimulation	407	START	1576301342039	1576301342039
USER	RecordedSimulation	408	START	1576301342049	1576301342049
REQUEST	85		request_0	1576301341569	1576301342055	OK	 
USER	RecordedSimulation	85	END	1576301338828	1576301342056
USER	RecordedSimulation	409	START	1576301342059	1576301342059
REQUEST	86		request_0	1576301341599	1576301342063	OK	 
USER	RecordedSimulation	86	END	1576301338839	1576301342063
USER	RecordedSimulation	410	START	1576301342069	1576301342069
USER	RecordedSimulation	411	START	1576301342078	1576301342078
USER	RecordedSimulation	412	START	1576301342089	1576301342089
REQUEST	87		request_0	1576301341618	1576301342093	OK	 
USER	RecordedSimulation	87	END	1576301338849	1576301342095
USER	RecordedSimulation	413	START	1576301342099	1576301342099
USER	RecordedSimulation	414	START	1576301342109	1576301342109
USER	RecordedSimulation	415	START	1576301342119	1576301342119
USER	RecordedSimulation	416	START	1576301342128	1576301342128
USER	RecordedSimulation	417	START	1576301342138	1576301342138
USER	RecordedSimulation	418	START	1576301342149	1576301342149
REQUEST	88		request_0	1576301341649	1576301342152	OK	 
USER	RecordedSimulation	88	END	1576301338858	1576301342153
USER	RecordedSimulation	419	START	1576301342159	1576301342159
REQUEST	89		request_0	1576301341669	1576301342163	OK	 
USER	RecordedSimulation	89	END	1576301338869	1576301342164
USER	RecordedSimulation	420	START	1576301342169	1576301342169
USER	RecordedSimulation	421	START	1576301342178	1576301342178
USER	RecordedSimulation	422	START	1576301342189	1576301342189
USER	RecordedSimulation	423	START	1576301342199	1576301342199
USER	RecordedSimulation	424	START	1576301342209	1576301342209
USER	RecordedSimulation	425	START	1576301342218	1576301342218
USER	RecordedSimulation	426	START	1576301342229	1576301342229
REQUEST	91		request_0	1576301341718	1576301342236	OK	 
REQUEST	90		request_0	1576301341699	1576301342237	OK	 
USER	RecordedSimulation	91	END	1576301338888	1576301342238
USER	RecordedSimulation	90	END	1576301338879	1576301342238
USER	RecordedSimulation	427	START	1576301342239	1576301342239
USER	RecordedSimulation	428	START	1576301342249	1576301342249
USER	RecordedSimulation	429	START	1576301342258	1576301342258
USER	RecordedSimulation	430	START	1576301342268	1576301342268
REQUEST	92		request_0	1576301341749	1576301342275	OK	 
USER	RecordedSimulation	92	END	1576301338899	1576301342276
USER	RecordedSimulation	431	START	1576301342279	1576301342279
USER	RecordedSimulation	432	START	1576301342289	1576301342289
USER	RecordedSimulation	433	START	1576301342299	1576301342299
USER	RecordedSimulation	434	START	1576301342308	1576301342308
REQUEST	93		request_0	1576301341769	1576301342313	OK	 
USER	RecordedSimulation	93	END	1576301338909	1576301342314
USER	RecordedSimulation	435	START	1576301342318	1576301342318
USER	RecordedSimulation	436	START	1576301342328	1576301342328
USER	RecordedSimulation	437	START	1576301342339	1576301342339
USER	RecordedSimulation	438	START	1576301342349	1576301342349
USER	RecordedSimulation	439	START	1576301342359	1576301342359
USER	RecordedSimulation	440	START	1576301342368	1576301342368
REQUEST	94		request_0	1576301341799	1576301342374	OK	 
USER	RecordedSimulation	94	END	1576301338919	1576301342374
USER	RecordedSimulation	441	START	1576301342378	1576301342378
USER	RecordedSimulation	442	START	1576301342389	1576301342389
REQUEST	95		request_0	1576301341818	1576301342389	OK	 
USER	RecordedSimulation	95	END	1576301338928	1576301342391
USER	RecordedSimulation	443	START	1576301342399	1576301342399
USER	RecordedSimulation	444	START	1576301342409	1576301342409
USER	RecordedSimulation	445	START	1576301342418	1576301342418
USER	RecordedSimulation	446	START	1576301342428	1576301342428
USER	RecordedSimulation	447	START	1576301342439	1576301342439
USER	RecordedSimulation	448	START	1576301342449	1576301342449
USER	RecordedSimulation	449	START	1576301342459	1576301342459
USER	RecordedSimulation	450	START	1576301342468	1576301342468
REQUEST	96		request_0	1576301341849	1576301342475	OK	 
USER	RecordedSimulation	96	END	1576301338938	1576301342476
REQUEST	97		request_0	1576301341868	1576301342477	OK	 
USER	RecordedSimulation	97	END	1576301338949	1576301342479
USER	RecordedSimulation	451	START	1576301342478	1576301342478
USER	RecordedSimulation	452	START	1576301342489	1576301342489
USER	RecordedSimulation	453	START	1576301342499	1576301342499
USER	RecordedSimulation	454	START	1576301342509	1576301342509
USER	RecordedSimulation	455	START	1576301342518	1576301342518
USER	RecordedSimulation	456	START	1576301342528	1576301342528
USER	RecordedSimulation	457	START	1576301342539	1576301342539
USER	RecordedSimulation	458	START	1576301342549	1576301342549
USER	RecordedSimulation	459	START	1576301342559	1576301342559
USER	RecordedSimulation	460	START	1576301342568	1576301342568
REQUEST	98		request_0	1576301341899	1576301342579	OK	 
USER	RecordedSimulation	461	START	1576301342578	1576301342578
USER	RecordedSimulation	98	END	1576301338959	1576301342580
USER	RecordedSimulation	462	START	1576301342589	1576301342589
REQUEST	99		request_0	1576301341918	1576301342597	OK	 
USER	RecordedSimulation	99	END	1576301338968	1576301342598
USER	RecordedSimulation	463	START	1576301342599	1576301342599
USER	RecordedSimulation	464	START	1576301342609	1576301342609
USER	RecordedSimulation	465	START	1576301342619	1576301342619
USER	RecordedSimulation	466	START	1576301342628	1576301342628
USER	RecordedSimulation	467	START	1576301342639	1576301342639
USER	RecordedSimulation	468	START	1576301342649	1576301342649
REQUEST	100		request_0	1576301341949	1576301342654	OK	 
USER	RecordedSimulation	100	END	1576301338979	1576301342655
USER	RecordedSimulation	469	START	1576301342659	1576301342659
USER	RecordedSimulation	470	START	1576301342668	1576301342668
REQUEST	101		request_0	1576301341950	1576301342672	OK	 
USER	RecordedSimulation	101	END	1576301338989	1576301342673
USER	RecordedSimulation	471	START	1576301342678	1576301342678
USER	RecordedSimulation	472	START	1576301342689	1576301342689
USER	RecordedSimulation	473	START	1576301342699	1576301342699
USER	RecordedSimulation	474	START	1576301342709	1576301342709
USER	RecordedSimulation	475	START	1576301342718	1576301342718
USER	RecordedSimulation	476	START	1576301342728	1576301342728
USER	RecordedSimulation	477	START	1576301342739	1576301342739
USER	RecordedSimulation	478	START	1576301342749	1576301342749
REQUEST	102		request_0	1576301341989	1576301342750	OK	 
USER	RecordedSimulation	102	END	1576301338999	1576301342751
USER	RecordedSimulation	479	START	1576301342759	1576301342759
USER	RecordedSimulation	480	START	1576301342768	1576301342768
USER	RecordedSimulation	481	START	1576301342778	1576301342778
REQUEST	103		request_0	1576301342008	1576301342780	OK	 
USER	RecordedSimulation	103	END	1576301339008	1576301342781
USER	RecordedSimulation	482	START	1576301342789	1576301342789
USER	RecordedSimulation	483	START	1576301342799	1576301342799
USER	RecordedSimulation	484	START	1576301342809	1576301342809
USER	RecordedSimulation	485	START	1576301342818	1576301342818
USER	RecordedSimulation	486	START	1576301342829	1576301342829
USER	RecordedSimulation	487	START	1576301342839	1576301342839
USER	RecordedSimulation	488	START	1576301342849	1576301342849
USER	RecordedSimulation	489	START	1576301342858	1576301342858
USER	RecordedSimulation	490	START	1576301342868	1576301342868
USER	RecordedSimulation	491	START	1576301342879	1576301342879
USER	RecordedSimulation	492	START	1576301342889	1576301342889
USER	RecordedSimulation	493	START	1576301342899	1576301342899
USER	RecordedSimulation	494	START	1576301342908	1576301342908
USER	RecordedSimulation	495	START	1576301342918	1576301342918
USER	RecordedSimulation	496	START	1576301342929	1576301342929
USER	RecordedSimulation	497	START	1576301342939	1576301342939
USER	RecordedSimulation	498	START	1576301342949	1576301342949
USER	RecordedSimulation	499	START	1576301342958	1576301342958
USER	RecordedSimulation	500	START	1576301342968	1576301342968
USER	RecordedSimulation	501	START	1576301342979	1576301342979
REQUEST	105		request_0	1576301342049	1576301342987	OK	 
USER	RecordedSimulation	105	END	1576301339029	1576301342989
USER	RecordedSimulation	502	START	1576301342989	1576301342989
USER	RecordedSimulation	503	START	1576301342999	1576301342999
USER	RecordedSimulation	504	START	1576301343008	1576301343008
REQUEST	104		request_0	1576301342029	1576301343017	OK	 
USER	RecordedSimulation	104	END	1576301339018	1576301343017
USER	RecordedSimulation	505	START	1576301343018	1576301343018
REQUEST	106		request_0	1576301342069	1576301343020	OK	 
USER	RecordedSimulation	106	END	1576301339039	1576301343020
REQUEST	108		request_0	1576301342109	1576301343021	OK	 
USER	RecordedSimulation	108	END	1576301339059	1576301343021
USER	RecordedSimulation	506	START	1576301343029	1576301343029
USER	RecordedSimulation	507	START	1576301343039	1576301343039
USER	RecordedSimulation	508	START	1576301343049	1576301343049
REQUEST	107		request_0	1576301342089	1576301343050	OK	 
USER	RecordedSimulation	107	END	1576301339048	1576301343050
USER	RecordedSimulation	509	START	1576301343058	1576301343058
REQUEST	109		request_0	1576301342128	1576301343067	OK	 
USER	RecordedSimulation	109	END	1576301339069	1576301343067
USER	RecordedSimulation	510	START	1576301343068	1576301343068
USER	RecordedSimulation	511	START	1576301343078	1576301343078
USER	RecordedSimulation	512	START	1576301343089	1576301343089
USER	RecordedSimulation	513	START	1576301343099	1576301343099
USER	RecordedSimulation	514	START	1576301343109	1576301343109
USER	RecordedSimulation	515	START	1576301343118	1576301343118
USER	RecordedSimulation	516	START	1576301343128	1576301343128
USER	RecordedSimulation	517	START	1576301343138	1576301343138
USER	RecordedSimulation	518	START	1576301343149	1576301343149
USER	RecordedSimulation	519	START	1576301343159	1576301343159
USER	RecordedSimulation	520	START	1576301343169	1576301343169
USER	RecordedSimulation	521	START	1576301343178	1576301343178
USER	RecordedSimulation	522	START	1576301343188	1576301343188
USER	RecordedSimulation	523	START	1576301343199	1576301343199
USER	RecordedSimulation	524	START	1576301343209	1576301343209
USER	RecordedSimulation	525	START	1576301343219	1576301343219
USER	RecordedSimulation	526	START	1576301343229	1576301343229
USER	RecordedSimulation	527	START	1576301343238	1576301343238
USER	RecordedSimulation	528	START	1576301343249	1576301343249
USER	RecordedSimulation	529	START	1576301343259	1576301343259
REQUEST	111		request_0	1576301342169	1576301343261	OK	 
USER	RecordedSimulation	111	END	1576301339089	1576301343262
USER	RecordedSimulation	530	START	1576301343269	1576301343269
REQUEST	114		request_0	1576301342229	1576301343276	OK	 
USER	RecordedSimulation	114	END	1576301339119	1576301343277
REQUEST	113		request_0	1576301342209	1576301343278	OK	 
USER	RecordedSimulation	113	END	1576301339109	1576301343279
USER	RecordedSimulation	531	START	1576301343279	1576301343279
REQUEST	110		request_0	1576301342149	1576301343282	OK	 
USER	RecordedSimulation	110	END	1576301339079	1576301343283
REQUEST	112		request_0	1576301342189	1576301343286	OK	 
USER	RecordedSimulation	112	END	1576301339099	1576301343287
USER	RecordedSimulation	532	START	1576301343288	1576301343288
USER	RecordedSimulation	533	START	1576301343299	1576301343299
USER	RecordedSimulation	534	START	1576301343309	1576301343309
USER	RecordedSimulation	535	START	1576301343319	1576301343319
REQUEST	115		request_0	1576301342249	1576301343329	OK	 
USER	RecordedSimulation	536	START	1576301343329	1576301343329
USER	RecordedSimulation	115	END	1576301339129	1576301343330
USER	RecordedSimulation	537	START	1576301343338	1576301343338
USER	RecordedSimulation	538	START	1576301343349	1576301343349
USER	RecordedSimulation	539	START	1576301343359	1576301343359
USER	RecordedSimulation	540	START	1576301343369	1576301343369
USER	RecordedSimulation	541	START	1576301343378	1576301343378
USER	RecordedSimulation	542	START	1576301343388	1576301343388
USER	RecordedSimulation	543	START	1576301343399	1576301343399
USER	RecordedSimulation	544	START	1576301343409	1576301343409
USER	RecordedSimulation	545	START	1576301343419	1576301343419
USER	RecordedSimulation	546	START	1576301343428	1576301343428
USER	RecordedSimulation	547	START	1576301343438	1576301343438
REQUEST	119		request_0	1576301342328	1576301343442	OK	 
USER	RecordedSimulation	119	END	1576301339169	1576301343443
USER	RecordedSimulation	548	START	1576301343449	1576301343449
REQUEST	116		request_0	1576301342268	1576301343454	OK	 
USER	RecordedSimulation	116	END	1576301339139	1576301343455
REQUEST	118		request_0	1576301342308	1576301343457	OK	 
USER	RecordedSimulation	118	END	1576301339158	1576301343458
USER	RecordedSimulation	549	START	1576301343459	1576301343459
USER	RecordedSimulation	550	START	1576301343469	1576301343469
REQUEST	117		request_0	1576301342289	1576301343471	OK	 
USER	RecordedSimulation	117	END	1576301339149	1576301343472
USER	RecordedSimulation	551	START	1576301343478	1576301343478
USER	RecordedSimulation	552	START	1576301343489	1576301343489
USER	RecordedSimulation	553	START	1576301343499	1576301343499
USER	RecordedSimulation	554	START	1576301343509	1576301343509
REQUEST	121		request_0	1576301342368	1576301343511	OK	 
USER	RecordedSimulation	121	END	1576301339189	1576301343512
USER	RecordedSimulation	555	START	1576301343518	1576301343518
REQUEST	120		request_0	1576301342349	1576301343522	OK	 
USER	RecordedSimulation	120	END	1576301339179	1576301343523
USER	RecordedSimulation	556	START	1576301343528	1576301343528
USER	RecordedSimulation	557	START	1576301343539	1576301343539
USER	RecordedSimulation	558	START	1576301343549	1576301343549
USER	RecordedSimulation	559	START	1576301343559	1576301343559
USER	RecordedSimulation	560	START	1576301343568	1576301343568
USER	RecordedSimulation	561	START	1576301343578	1576301343578
USER	RecordedSimulation	562	START	1576301343589	1576301343589
USER	RecordedSimulation	563	START	1576301343599	1576301343599
REQUEST	124		request_0	1576301342428	1576301343603	OK	 
USER	RecordedSimulation	124	END	1576301339219	1576301343604
USER	RecordedSimulation	564	START	1576301343609	1576301343609
USER	RecordedSimulation	565	START	1576301343618	1576301343618
REQUEST	125		request_0	1576301342449	1576301343620	OK	 
USER	RecordedSimulation	125	END	1576301339229	1576301343622
REQUEST	122		request_0	1576301342389	1576301343628	OK	 
USER	RecordedSimulation	122	END	1576301339199	1576301343629
USER	RecordedSimulation	566	START	1576301343629	1576301343629
REQUEST	123		request_0	1576301342409	1576301343633	OK	 
USER	RecordedSimulation	123	END	1576301339208	1576301343635
USER	RecordedSimulation	567	START	1576301343639	1576301343639
USER	RecordedSimulation	568	START	1576301343649	1576301343649
USER	RecordedSimulation	569	START	1576301343658	1576301343658
REQUEST	126		request_0	1576301342468	1576301343662	OK	 
USER	RecordedSimulation	126	END	1576301339239	1576301343663
USER	RecordedSimulation	570	START	1576301343668	1576301343668
USER	RecordedSimulation	571	START	1576301343678	1576301343678
USER	RecordedSimulation	572	START	1576301343689	1576301343689
USER	RecordedSimulation	573	START	1576301343699	1576301343699
USER	RecordedSimulation	574	START	1576301343709	1576301343709
USER	RecordedSimulation	575	START	1576301343719	1576301343719
USER	RecordedSimulation	576	START	1576301343728	1576301343728
USER	RecordedSimulation	577	START	1576301343738	1576301343738
REQUEST	127		request_0	1576301342489	1576301343744	OK	 
USER	RecordedSimulation	127	END	1576301339249	1576301343745
USER	RecordedSimulation	578	START	1576301343749	1576301343749
USER	RecordedSimulation	579	START	1576301343759	1576301343759
USER	RecordedSimulation	580	START	1576301343769	1576301343769
USER	RecordedSimulation	581	START	1576301343778	1576301343778
REQUEST	128		request_0	1576301342509	1576301343786	OK	 
USER	RecordedSimulation	128	END	1576301339258	1576301343788
USER	RecordedSimulation	582	START	1576301343788	1576301343788
USER	RecordedSimulation	583	START	1576301343799	1576301343799
USER	RecordedSimulation	584	START	1576301343809	1576301343809
USER	RecordedSimulation	585	START	1576301343819	1576301343819
USER	RecordedSimulation	586	START	1576301343828	1576301343828
USER	RecordedSimulation	587	START	1576301343839	1576301343839
USER	RecordedSimulation	588	START	1576301343849	1576301343849
USER	RecordedSimulation	589	START	1576301343859	1576301343859
REQUEST	131		request_0	1576301342568	1576301343865	OK	 
USER	RecordedSimulation	131	END	1576301339289	1576301343866
USER	RecordedSimulation	590	START	1576301343869	1576301343869
USER	RecordedSimulation	591	START	1576301343878	1576301343878
USER	RecordedSimulation	592	START	1576301343889	1576301343889
USER	RecordedSimulation	593	START	1576301343899	1576301343899
REQUEST	129		request_0	1576301342529	1576301343900	OK	 
USER	RecordedSimulation	129	END	1576301339268	1576301343901
USER	RecordedSimulation	594	START	1576301343909	1576301343909
USER	RecordedSimulation	595	START	1576301343918	1576301343918
REQUEST	130		request_0	1576301342549	1576301343920	OK	 
USER	RecordedSimulation	130	END	1576301339279	1576301343921
USER	RecordedSimulation	596	START	1576301343928	1576301343928
USER	RecordedSimulation	597	START	1576301343939	1576301343939
USER	RecordedSimulation	598	START	1576301343949	1576301343949
USER	RecordedSimulation	599	START	1576301343959	1576301343959
USER	RecordedSimulation	600	START	1576301343968	1576301343968
USER	RecordedSimulation	601	START	1576301343978	1576301343978
REQUEST	134		request_0	1576301342628	1576301343979	OK	 
USER	RecordedSimulation	134	END	1576301339319	1576301343980
USER	RecordedSimulation	602	START	1576301343989	1576301343989
USER	RecordedSimulation	603	START	1576301343999	1576301343999
REQUEST	133		request_0	1576301342609	1576301344006	OK	 
USER	RecordedSimulation	133	END	1576301339308	1576301344007
REQUEST	132		request_0	1576301342589	1576301344009	OK	 
USER	RecordedSimulation	604	START	1576301344009	1576301344009
USER	RecordedSimulation	132	END	1576301339299	1576301344010
USER	RecordedSimulation	605	START	1576301344018	1576301344018
USER	RecordedSimulation	606	START	1576301344028	1576301344028
USER	RecordedSimulation	607	START	1576301344039	1576301344039
REQUEST	136		request_0	1576301342668	1576301344049	OK	 
USER	RecordedSimulation	608	START	1576301344049	1576301344049
USER	RecordedSimulation	136	END	1576301339339	1576301344050
USER	RecordedSimulation	609	START	1576301344059	1576301344059
USER	RecordedSimulation	610	START	1576301344068	1576301344068
USER	RecordedSimulation	611	START	1576301344078	1576301344078
USER	RecordedSimulation	612	START	1576301344089	1576301344089
USER	RecordedSimulation	613	START	1576301344099	1576301344099
USER	RecordedSimulation	614	START	1576301344109	1576301344109
USER	RecordedSimulation	615	START	1576301344118	1576301344118
USER	RecordedSimulation	616	START	1576301344129	1576301344129
USER	RecordedSimulation	617	START	1576301344139	1576301344139
USER	RecordedSimulation	618	START	1576301344149	1576301344149
USER	RecordedSimulation	619	START	1576301344158	1576301344158
REQUEST	135		request_0	1576301342649	1576301344162	OK	 
USER	RecordedSimulation	135	END	1576301339329	1576301344163
USER	RecordedSimulation	620	START	1576301344168	1576301344168
REQUEST	138		request_0	1576301342709	1576301344170	OK	 
USER	RecordedSimulation	138	END	1576301339358	1576301344171
USER	RecordedSimulation	621	START	1576301344178	1576301344178
USER	RecordedSimulation	622	START	1576301344189	1576301344189
USER	RecordedSimulation	623	START	1576301344199	1576301344199
REQUEST	140		request_0	1576301342749	1576301344204	OK	 
USER	RecordedSimulation	140	END	1576301339379	1576301344205
REQUEST	137		request_0	1576301342689	1576301344205	OK	 
USER	RecordedSimulation	137	END	1576301339349	1576301344206
USER	RecordedSimulation	624	START	1576301344209	1576301344209
USER	RecordedSimulation	625	START	1576301344219	1576301344219
USER	RecordedSimulation	626	START	1576301344228	1576301344228
USER	RecordedSimulation	627	START	1576301344238	1576301344238
USER	RecordedSimulation	628	START	1576301344249	1576301344249
USER	RecordedSimulation	629	START	1576301344259	1576301344259
USER	RecordedSimulation	630	START	1576301344269	1576301344269
USER	RecordedSimulation	631	START	1576301344278	1576301344278
USER	RecordedSimulation	632	START	1576301344288	1576301344288
REQUEST	139		request_0	1576301342729	1576301344298	OK	 
USER	RecordedSimulation	139	END	1576301339369	1576301344299
USER	RecordedSimulation	633	START	1576301344299	1576301344299
REQUEST	144		request_0	1576301342829	1576301344304	OK	 
USER	RecordedSimulation	144	END	1576301339419	1576301344305
USER	RecordedSimulation	634	START	1576301344309	1576301344309
REQUEST	143		request_0	1576301342809	1576301344312	OK	 
REQUEST	141		request_0	1576301342768	1576301344313	OK	 
USER	RecordedSimulation	143	END	1576301339408	1576301344313
USER	RecordedSimulation	141	END	1576301339389	1576301344314
USER	RecordedSimulation	635	START	1576301344319	1576301344319
USER	RecordedSimulation	636	START	1576301344328	1576301344328
USER	RecordedSimulation	637	START	1576301344338	1576301344338
USER	RecordedSimulation	638	START	1576301344349	1576301344349
USER	RecordedSimulation	639	START	1576301344359	1576301344359
REQUEST	146		request_0	1576301342868	1576301344362	OK	 
USER	RecordedSimulation	146	END	1576301339439	1576301344364
USER	RecordedSimulation	640	START	1576301344369	1576301344369
REQUEST	150		request_0	1576301342949	1576301344379	OK	 
USER	RecordedSimulation	150	END	1576301339479	1576301344380
USER	RecordedSimulation	641	START	1576301344378	1576301344378
USER	RecordedSimulation	642	START	1576301344388	1576301344388
USER	RecordedSimulation	643	START	1576301344399	1576301344399
REQUEST	142		request_0	1576301342789	1576301344400	OK	 
USER	RecordedSimulation	142	END	1576301339399	1576301344400
USER	RecordedSimulation	644	START	1576301344409	1576301344409
USER	RecordedSimulation	645	START	1576301344419	1576301344419
USER	RecordedSimulation	646	START	1576301344428	1576301344428
USER	RecordedSimulation	647	START	1576301344438	1576301344438
USER	RecordedSimulation	648	START	1576301344449	1576301344449
USER	RecordedSimulation	649	START	1576301344459	1576301344459
USER	RecordedSimulation	650	START	1576301344469	1576301344469
USER	RecordedSimulation	651	START	1576301344478	1576301344478
USER	RecordedSimulation	652	START	1576301344488	1576301344488
USER	RecordedSimulation	653	START	1576301344499	1576301344499
REQUEST	145		request_0	1576301342849	1576301344508	OK	 
USER	RecordedSimulation	145	END	1576301339429	1576301344509
USER	RecordedSimulation	654	START	1576301344509	1576301344509
USER	RecordedSimulation	655	START	1576301344519	1576301344519
USER	RecordedSimulation	656	START	1576301344529	1576301344529
USER	RecordedSimulation	657	START	1576301344538	1576301344538
USER	RecordedSimulation	658	START	1576301344549	1576301344549
USER	RecordedSimulation	659	START	1576301344559	1576301344559
USER	RecordedSimulation	660	START	1576301344569	1576301344569
USER	RecordedSimulation	661	START	1576301344578	1576301344578
USER	RecordedSimulation	662	START	1576301344588	1576301344588
USER	RecordedSimulation	663	START	1576301344599	1576301344599
USER	RecordedSimulation	664	START	1576301344609	1576301344609
USER	RecordedSimulation	665	START	1576301344619	1576301344619
USER	RecordedSimulation	666	START	1576301344629	1576301344629
REQUEST	147		request_0	1576301342889	1576301344638	OK	 
USER	RecordedSimulation	667	START	1576301344638	1576301344638
USER	RecordedSimulation	147	END	1576301339448	1576301344639
USER	RecordedSimulation	668	START	1576301344648	1576301344648
USER	RecordedSimulation	669	START	1576301344659	1576301344659
USER	RecordedSimulation	670	START	1576301344669	1576301344669
REQUEST	148		request_0	1576301342908	1576301344676	OK	 
USER	RecordedSimulation	148	END	1576301339459	1576301344677
USER	RecordedSimulation	671	START	1576301344679	1576301344679
USER	RecordedSimulation	672	START	1576301344688	1576301344688
USER	RecordedSimulation	673	START	1576301344698	1576301344698
USER	RecordedSimulation	674	START	1576301344709	1576301344709
USER	RecordedSimulation	675	START	1576301344719	1576301344719
REQUEST	151		request_0	1576301342949	1576301344721	OK	 
USER	RecordedSimulation	151	END	1576301339488	1576301344722
USER	RecordedSimulation	676	START	1576301344729	1576301344729
USER	RecordedSimulation	677	START	1576301344738	1576301344738
USER	RecordedSimulation	678	START	1576301344748	1576301344748
USER	RecordedSimulation	679	START	1576301344759	1576301344759
USER	RecordedSimulation	680	START	1576301344769	1576301344769
USER	RecordedSimulation	681	START	1576301344779	1576301344779
USER	RecordedSimulation	682	START	1576301344788	1576301344788
USER	RecordedSimulation	683	START	1576301344799	1576301344799
USER	RecordedSimulation	684	START	1576301344809	1576301344809
USER	RecordedSimulation	685	START	1576301344819	1576301344819
USER	RecordedSimulation	686	START	1576301344829	1576301344829
USER	RecordedSimulation	687	START	1576301344838	1576301344838
USER	RecordedSimulation	688	START	1576301344849	1576301344849
USER	RecordedSimulation	689	START	1576301344859	1576301344859
USER	RecordedSimulation	690	START	1576301344869	1576301344869
USER	RecordedSimulation	691	START	1576301344878	1576301344878
USER	RecordedSimulation	692	START	1576301344888	1576301344888
REQUEST	149		request_0	1576301342929	1576301344898	OK	 
USER	RecordedSimulation	693	START	1576301344898	1576301344898
USER	RecordedSimulation	149	END	1576301339469	1576301344899
USER	RecordedSimulation	694	START	1576301344909	1576301344909
USER	RecordedSimulation	695	START	1576301344919	1576301344919
USER	RecordedSimulation	696	START	1576301344929	1576301344929
USER	RecordedSimulation	697	START	1576301344938	1576301344938
USER	RecordedSimulation	698	START	1576301344948	1576301344948
USER	RecordedSimulation	699	START	1576301344958	1576301344958
USER	RecordedSimulation	700	START	1576301344969	1576301344969
USER	RecordedSimulation	701	START	1576301344979	1576301344979
USER	RecordedSimulation	702	START	1576301344989	1576301344989
USER	RecordedSimulation	703	START	1576301344998	1576301344998
USER	RecordedSimulation	704	START	1576301345009	1576301345009
USER	RecordedSimulation	705	START	1576301345019	1576301345019
USER	RecordedSimulation	706	START	1576301345029	1576301345029
USER	RecordedSimulation	707	START	1576301345039	1576301345039
USER	RecordedSimulation	708	START	1576301345048	1576301345048
USER	RecordedSimulation	709	START	1576301345059	1576301345059
USER	RecordedSimulation	710	START	1576301345069	1576301345069
USER	RecordedSimulation	711	START	1576301345079	1576301345079
USER	RecordedSimulation	712	START	1576301345089	1576301345089
USER	RecordedSimulation	713	START	1576301345098	1576301345098
USER	RecordedSimulation	714	START	1576301345109	1576301345109
USER	RecordedSimulation	715	START	1576301345119	1576301345119
USER	RecordedSimulation	716	START	1576301345129	1576301345129
USER	RecordedSimulation	717	START	1576301345138	1576301345138
USER	RecordedSimulation	718	START	1576301345148	1576301345148
USER	RecordedSimulation	719	START	1576301345159	1576301345159
USER	RecordedSimulation	720	START	1576301345169	1576301345169
USER	RecordedSimulation	721	START	1576301345179	1576301345179
USER	RecordedSimulation	722	START	1576301345188	1576301345188
USER	RecordedSimulation	723	START	1576301345198	1576301345198
USER	RecordedSimulation	724	START	1576301345209	1576301345209
USER	RecordedSimulation	725	START	1576301345219	1576301345219
USER	RecordedSimulation	726	START	1576301345229	1576301345229
USER	RecordedSimulation	727	START	1576301345238	1576301345238
USER	RecordedSimulation	728	START	1576301345249	1576301345249
USER	RecordedSimulation	729	START	1576301345259	1576301345259
USER	RecordedSimulation	730	START	1576301345269	1576301345269
USER	RecordedSimulation	731	START	1576301345279	1576301345279
USER	RecordedSimulation	732	START	1576301345288	1576301345288
USER	RecordedSimulation	733	START	1576301345298	1576301345298
USER	RecordedSimulation	734	START	1576301345309	1576301345309
USER	RecordedSimulation	735	START	1576301345319	1576301345319
USER	RecordedSimulation	736	START	1576301345329	1576301345329
USER	RecordedSimulation	737	START	1576301345338	1576301345338
USER	RecordedSimulation	738	START	1576301345349	1576301345349
USER	RecordedSimulation	739	START	1576301345359	1576301345359
USER	RecordedSimulation	740	START	1576301345369	1576301345369
USER	RecordedSimulation	741	START	1576301345378	1576301345378
USER	RecordedSimulation	742	START	1576301345388	1576301345388
USER	RecordedSimulation	743	START	1576301345399	1576301345399
USER	RecordedSimulation	744	START	1576301345409	1576301345409
USER	RecordedSimulation	745	START	1576301345419	1576301345419
USER	RecordedSimulation	746	START	1576301345428	1576301345428
USER	RecordedSimulation	747	START	1576301345438	1576301345438
USER	RecordedSimulation	748	START	1576301345448	1576301345448
USER	RecordedSimulation	749	START	1576301345459	1576301345459
USER	RecordedSimulation	750	START	1576301345469	1576301345469
USER	RecordedSimulation	751	START	1576301345479	1576301345479
USER	RecordedSimulation	752	START	1576301345488	1576301345488
USER	RecordedSimulation	753	START	1576301345498	1576301345498
USER	RecordedSimulation	754	START	1576301345509	1576301345509
USER	RecordedSimulation	755	START	1576301345519	1576301345519
USER	RecordedSimulation	756	START	1576301345529	1576301345529
USER	RecordedSimulation	757	START	1576301345538	1576301345538
USER	RecordedSimulation	758	START	1576301345548	1576301345548
USER	RecordedSimulation	759	START	1576301345558	1576301345558
USER	RecordedSimulation	760	START	1576301345569	1576301345569
USER	RecordedSimulation	761	START	1576301345579	1576301345579
USER	RecordedSimulation	762	START	1576301345589	1576301345589
USER	RecordedSimulation	763	START	1576301345599	1576301345599
REQUEST	171		request_0	1576301343309	1576301345604	OK	 
USER	RecordedSimulation	171	END	1576301339689	1576301345605
USER	RecordedSimulation	764	START	1576301345609	1576301345609
USER	RecordedSimulation	765	START	1576301345618	1576301345618
USER	RecordedSimulation	766	START	1576301345628	1576301345628
USER	RecordedSimulation	767	START	1576301345639	1576301345639
USER	RecordedSimulation	768	START	1576301345649	1576301345649
USER	RecordedSimulation	769	START	1576301345659	1576301345659
USER	RecordedSimulation	770	START	1576301345668	1576301345668
REQUEST	158		request_0	1576301343089	1576301345677	OK	 
USER	RecordedSimulation	158	END	1576301339559	1576301345677
USER	RecordedSimulation	771	START	1576301345678	1576301345678
USER	RecordedSimulation	772	START	1576301345688	1576301345688
REQUEST	153		request_0	1576301343008	1576301345694	OK	 
USER	RecordedSimulation	153	END	1576301339509	1576301345695
USER	RecordedSimulation	773	START	1576301345699	1576301345699
USER	RecordedSimulation	774	START	1576301345709	1576301345709
USER	RecordedSimulation	775	START	1576301345719	1576301345719
USER	RecordedSimulation	776	START	1576301345728	1576301345728
USER	RecordedSimulation	777	START	1576301345738	1576301345738
REQUEST	181		request_0	1576301343469	1576301345742	OK	 
USER	RecordedSimulation	181	END	1576301339788	1576301345743
USER	RecordedSimulation	778	START	1576301345749	1576301345749
USER	RecordedSimulation	779	START	1576301345759	1576301345759
USER	RecordedSimulation	780	START	1576301345769	1576301345769
USER	RecordedSimulation	781	START	1576301345778	1576301345778
USER	RecordedSimulation	782	START	1576301345788	1576301345788
USER	RecordedSimulation	783	START	1576301345799	1576301345799
USER	RecordedSimulation	784	START	1576301345809	1576301345809
USER	RecordedSimulation	785	START	1576301345819	1576301345819
USER	RecordedSimulation	786	START	1576301345828	1576301345828
USER	RecordedSimulation	787	START	1576301345839	1576301345839
USER	RecordedSimulation	788	START	1576301345849	1576301345849
USER	RecordedSimulation	789	START	1576301345859	1576301345859
USER	RecordedSimulation	790	START	1576301345868	1576301345868
USER	RecordedSimulation	791	START	1576301345878	1576301345878
USER	RecordedSimulation	792	START	1576301345889	1576301345889
USER	RecordedSimulation	793	START	1576301345899	1576301345899
USER	RecordedSimulation	794	START	1576301345909	1576301345909
USER	RecordedSimulation	795	START	1576301345918	1576301345918
USER	RecordedSimulation	796	START	1576301345928	1576301345928
USER	RecordedSimulation	797	START	1576301345939	1576301345939
USER	RecordedSimulation	798	START	1576301345949	1576301345949
USER	RecordedSimulation	799	START	1576301345959	1576301345959
USER	RecordedSimulation	800	START	1576301345968	1576301345968
USER	RecordedSimulation	801	START	1576301345978	1576301345978
USER	RecordedSimulation	802	START	1576301345989	1576301345989
USER	RecordedSimulation	803	START	1576301345999	1576301345999
USER	RecordedSimulation	804	START	1576301346009	1576301346009
USER	RecordedSimulation	805	START	1576301346018	1576301346018
USER	RecordedSimulation	806	START	1576301346028	1576301346028
USER	RecordedSimulation	807	START	1576301346039	1576301346039
USER	RecordedSimulation	808	START	1576301346049	1576301346049
USER	RecordedSimulation	809	START	1576301346059	1576301346059
USER	RecordedSimulation	810	START	1576301346068	1576301346068
USER	RecordedSimulation	811	START	1576301346078	1576301346078
USER	RecordedSimulation	812	START	1576301346089	1576301346089
USER	RecordedSimulation	813	START	1576301346099	1576301346099
USER	RecordedSimulation	814	START	1576301346109	1576301346109
USER	RecordedSimulation	815	START	1576301346118	1576301346118
USER	RecordedSimulation	816	START	1576301346129	1576301346129
USER	RecordedSimulation	817	START	1576301346139	1576301346139
USER	RecordedSimulation	818	START	1576301346149	1576301346149
USER	RecordedSimulation	819	START	1576301346158	1576301346158
USER	RecordedSimulation	820	START	1576301346168	1576301346168
USER	RecordedSimulation	821	START	1576301346179	1576301346179
USER	RecordedSimulation	822	START	1576301346189	1576301346189
USER	RecordedSimulation	823	START	1576301346199	1576301346199
USER	RecordedSimulation	824	START	1576301346209	1576301346209
USER	RecordedSimulation	825	START	1576301346218	1576301346218
USER	RecordedSimulation	826	START	1576301346228	1576301346228
USER	RecordedSimulation	827	START	1576301346239	1576301346239
USER	RecordedSimulation	828	START	1576301346249	1576301346249
USER	RecordedSimulation	829	START	1576301346259	1576301346259
USER	RecordedSimulation	830	START	1576301346268	1576301346268
USER	RecordedSimulation	831	START	1576301346278	1576301346278
USER	RecordedSimulation	832	START	1576301346288	1576301346288
USER	RecordedSimulation	833	START	1576301346299	1576301346299
USER	RecordedSimulation	834	START	1576301346309	1576301346309
USER	RecordedSimulation	835	START	1576301346319	1576301346319
USER	RecordedSimulation	836	START	1576301346328	1576301346328
USER	RecordedSimulation	837	START	1576301346338	1576301346338
USER	RecordedSimulation	838	START	1576301346349	1576301346349
USER	RecordedSimulation	839	START	1576301346359	1576301346359
USER	RecordedSimulation	840	START	1576301346369	1576301346369
USER	RecordedSimulation	841	START	1576301346378	1576301346378
USER	RecordedSimulation	842	START	1576301346388	1576301346388
USER	RecordedSimulation	843	START	1576301346399	1576301346399
USER	RecordedSimulation	844	START	1576301346409	1576301346409
USER	RecordedSimulation	845	START	1576301346419	1576301346419
REQUEST	196		request_0	1576301343719	1576301346425	OK	 
USER	RecordedSimulation	196	END	1576301339938	1576301346427
USER	RecordedSimulation	846	START	1576301346428	1576301346428
USER	RecordedSimulation	847	START	1576301346439	1576301346439
USER	RecordedSimulation	848	START	1576301346449	1576301346449
USER	RecordedSimulation	849	START	1576301346459	1576301346459
USER	RecordedSimulation	850	START	1576301346468	1576301346468
USER	RecordedSimulation	851	START	1576301346478	1576301346478
USER	RecordedSimulation	852	START	1576301346489	1576301346489
USER	RecordedSimulation	853	START	1576301346499	1576301346499
USER	RecordedSimulation	854	START	1576301346509	1576301346509
USER	RecordedSimulation	855	START	1576301346518	1576301346518
USER	RecordedSimulation	856	START	1576301346529	1576301346529
REQUEST	177		request_0	1576301343409	1576301346538	OK	 
USER	RecordedSimulation	857	START	1576301346539	1576301346539
USER	RecordedSimulation	177	END	1576301339749	1576301346540
REQUEST	173		request_0	1576301343338	1576301346544	OK	 
USER	RecordedSimulation	173	END	1576301339708	1576301346545
USER	RecordedSimulation	858	START	1576301346549	1576301346549
USER	RecordedSimulation	859	START	1576301346558	1576301346558
USER	RecordedSimulation	860	START	1576301346568	1576301346568
USER	RecordedSimulation	861	START	1576301346579	1576301346579
USER	RecordedSimulation	862	START	1576301346589	1576301346589
USER	RecordedSimulation	863	START	1576301346599	1576301346599
REQUEST	160		request_0	1576301343118	1576301346604	OK	 
USER	RecordedSimulation	160	END	1576301339578	1576301346605
USER	RecordedSimulation	864	START	1576301346608	1576301346608
REQUEST	175		request_0	1576301343369	1576301346609	OK	 
REQUEST	172		request_0	1576301343319	1576301346610	OK	 
USER	RecordedSimulation	175	END	1576301339728	1576301346610
USER	RecordedSimulation	172	END	1576301339699	1576301346612
USER	RecordedSimulation	865	START	1576301346618	1576301346618
REQUEST	174		request_0	1576301343359	1576301346623	OK	 
USER	RecordedSimulation	174	END	1576301339718	1576301346624
USER	RecordedSimulation	866	START	1576301346629	1576301346629
REQUEST	167		request_0	1576301343238	1576301346629	OK	 
USER	RecordedSimulation	167	END	1576301339649	1576301346630
REQUEST	180		request_0	1576301343459	1576301346631	OK	 
USER	RecordedSimulation	180	END	1576301339778	1576301346631
REQUEST	182		request_0	1576301343489	1576301346633	OK	 
USER	RecordedSimulation	182	END	1576301339798	1576301346634
USER	RecordedSimulation	867	START	1576301346639	1576301346639
REQUEST	155		request_0	1576301343039	1576301346641	OK	 
USER	RecordedSimulation	155	END	1576301339529	1576301346641
REQUEST	164		request_0	1576301343188	1576301346644	OK	 
USER	RecordedSimulation	164	END	1576301339619	1576301346645
USER	RecordedSimulation	868	START	1576301346649	1576301346649
USER	RecordedSimulation	869	START	1576301346659	1576301346659
REQUEST	170		request_0	1576301343288	1576301346661	OK	 
USER	RecordedSimulation	170	END	1576301339679	1576301346662
REQUEST	154		request_0	1576301343018	1576301346668	OK	 
USER	RecordedSimulation	870	START	1576301346668	1576301346668
USER	RecordedSimulation	154	END	1576301339519	1576301346669
REQUEST	168		request_0	1576301343259	1576301346670	OK	 
USER	RecordedSimulation	168	END	1576301339658	1576301346671
REQUEST	178		request_0	1576301343419	1576301346674	OK	 
USER	RecordedSimulation	178	END	1576301339759	1576301346675
REQUEST	163		request_0	1576301343169	1576301346676	OK	 
USER	RecordedSimulation	163	END	1576301339609	1576301346676
USER	RecordedSimulation	871	START	1576301346678	1576301346678
USER	RecordedSimulation	872	START	1576301346688	1576301346688
REQUEST	166		request_0	1576301343219	1576301346694	OK	 
USER	RecordedSimulation	166	END	1576301339639	1576301346694
REQUEST	176		request_0	1576301343389	1576301346697	OK	 
USER	RecordedSimulation	176	END	1576301339739	1576301346698
USER	RecordedSimulation	873	START	1576301346699	1576301346699
REQUEST	183		request_0	1576301343509	1576301346699	OK	 
USER	RecordedSimulation	183	END	1576301339809	1576301346700
REQUEST	152		request_0	1576301342989	1576301346706	OK	 
USER	RecordedSimulation	152	END	1576301339498	1576301346706
USER	RecordedSimulation	874	START	1576301346709	1576301346709
REQUEST	179		request_0	1576301343438	1576301346712	OK	 
USER	RecordedSimulation	179	END	1576301339769	1576301346713
REQUEST	165		request_0	1576301343209	1576301346714	OK	 
USER	RecordedSimulation	165	END	1576301339629	1576301346714
USER	RecordedSimulation	875	START	1576301346719	1576301346719
REQUEST	157		request_0	1576301343068	1576301346723	OK	 
USER	RecordedSimulation	157	END	1576301339549	1576301346723
REQUEST	156		request_0	1576301343058	1576301346723	OK	 
USER	RecordedSimulation	156	END	1576301339538	1576301346724
USER	RecordedSimulation	876	START	1576301346729	1576301346729
USER	RecordedSimulation	877	START	1576301346738	1576301346738
USER	RecordedSimulation	878	START	1576301346748	1576301346748
REQUEST	169		request_0	1576301343269	1576301346758	OK	 
USER	RecordedSimulation	169	END	1576301339668	1576301346759
USER	RecordedSimulation	879	START	1576301346759	1576301346759
USER	RecordedSimulation	880	START	1576301346769	1576301346769
REQUEST	162		request_0	1576301343159	1576301346775	OK	 
USER	RecordedSimulation	162	END	1576301339600	1576301346776
USER	RecordedSimulation	881	START	1576301346779	1576301346779
USER	RecordedSimulation	882	START	1576301346788	1576301346788
USER	RecordedSimulation	883	START	1576301346798	1576301346798
USER	RecordedSimulation	884	START	1576301346808	1576301346808
REQUEST	159		request_0	1576301343109	1576301346814	OK	 
REQUEST	184		request_0	1576301343518	1576301346814	OK	 
USER	RecordedSimulation	159	END	1576301339569	1576301346815
USER	RecordedSimulation	184	END	1576301339819	1576301346815
USER	RecordedSimulation	885	START	1576301346819	1576301346819
REQUEST	161		request_0	1576301343138	1576301346825	OK	 
USER	RecordedSimulation	161	END	1576301339589	1576301346825
USER	RecordedSimulation	886	START	1576301346829	1576301346829
USER	RecordedSimulation	887	START	1576301346839	1576301346839
REQUEST	186		request_0	1576301343559	1576301346849	OK	 
USER	RecordedSimulation	186	END	1576301339839	1576301346849
USER	RecordedSimulation	888	START	1576301346849	1576301346849
USER	RecordedSimulation	889	START	1576301346859	1576301346859
USER	RecordedSimulation	890	START	1576301346868	1576301346868
USER	RecordedSimulation	891	START	1576301346878	1576301346878
USER	RecordedSimulation	892	START	1576301346888	1576301346888
REQUEST	189		request_0	1576301343609	1576301346898	OK	 
USER	RecordedSimulation	189	END	1576301339868	1576301346898
USER	RecordedSimulation	893	START	1576301346898	1576301346898
USER	RecordedSimulation	894	START	1576301346909	1576301346909
USER	RecordedSimulation	895	START	1576301346919	1576301346919
USER	RecordedSimulation	896	START	1576301346928	1576301346928
REQUEST	185		request_0	1576301343539	1576301346929	OK	 
USER	RecordedSimulation	185	END	1576301339829	1576301346930
REQUEST	187		request_0	1576301343568	1576301346931	OK	 
USER	RecordedSimulation	187	END	1576301339848	1576301346931
USER	RecordedSimulation	897	START	1576301346939	1576301346939
USER	RecordedSimulation	898	START	1576301346949	1576301346949
USER	RecordedSimulation	899	START	1576301346959	1576301346959
USER	RecordedSimulation	900	START	1576301346968	1576301346968
USER	RecordedSimulation	901	START	1576301346979	1576301346979
USER	RecordedSimulation	902	START	1576301346989	1576301346989
REQUEST	188		request_0	1576301343589	1576301346995	OK	 
USER	RecordedSimulation	188	END	1576301339858	1576301346996
USER	RecordedSimulation	903	START	1576301346999	1576301346999
USER	RecordedSimulation	904	START	1576301347008	1576301347008
USER	RecordedSimulation	905	START	1576301347018	1576301347018
USER	RecordedSimulation	906	START	1576301347029	1576301347029
USER	RecordedSimulation	907	START	1576301347039	1576301347039
USER	RecordedSimulation	908	START	1576301347049	1576301347049
USER	RecordedSimulation	909	START	1576301347058	1576301347058
USER	RecordedSimulation	910	START	1576301347068	1576301347068
USER	RecordedSimulation	911	START	1576301347078	1576301347078
USER	RecordedSimulation	912	START	1576301347089	1576301347089
USER	RecordedSimulation	913	START	1576301347099	1576301347099
USER	RecordedSimulation	914	START	1576301347109	1576301347109
REQUEST	191		request_0	1576301343639	1576301347115	OK	 
USER	RecordedSimulation	191	END	1576301339889	1576301347116
USER	RecordedSimulation	915	START	1576301347119	1576301347119
USER	RecordedSimulation	916	START	1576301347128	1576301347128
REQUEST	190		request_0	1576301343618	1576301347139	OK	 
USER	RecordedSimulation	917	START	1576301347138	1576301347138
USER	RecordedSimulation	190	END	1576301339879	1576301347140
USER	RecordedSimulation	918	START	1576301347149	1576301347149
USER	RecordedSimulation	919	START	1576301347159	1576301347159
REQUEST	193		request_0	1576301343668	1576301347168	OK	 
USER	RecordedSimulation	193	END	1576301339909	1576301347169
USER	RecordedSimulation	920	START	1576301347169	1576301347169
USER	RecordedSimulation	921	START	1576301347178	1576301347178
USER	RecordedSimulation	922	START	1576301347188	1576301347188
USER	RecordedSimulation	923	START	1576301347198	1576301347198
USER	RecordedSimulation	924	START	1576301347209	1576301347209
USER	RecordedSimulation	925	START	1576301347219	1576301347219
USER	RecordedSimulation	926	START	1576301347229	1576301347229
USER	RecordedSimulation	927	START	1576301347239	1576301347239
USER	RecordedSimulation	928	START	1576301347248	1576301347248
REQUEST	192		request_0	1576301343658	1576301347256	OK	 
USER	RecordedSimulation	192	END	1576301339899	1576301347257
USER	RecordedSimulation	929	START	1576301347258	1576301347258
USER	RecordedSimulation	930	START	1576301347269	1576301347269
USER	RecordedSimulation	931	START	1576301347279	1576301347279
USER	RecordedSimulation	932	START	1576301347288	1576301347288
USER	RecordedSimulation	933	START	1576301347298	1576301347298
USER	RecordedSimulation	934	START	1576301347309	1576301347309
USER	RecordedSimulation	935	START	1576301347319	1576301347319
REQUEST	195		request_0	1576301343709	1576301347321	OK	 
USER	RecordedSimulation	195	END	1576301339928	1576301347322
USER	RecordedSimulation	936	START	1576301347329	1576301347329
USER	RecordedSimulation	937	START	1576301347338	1576301347338
REQUEST	198		request_0	1576301343759	1576301347347	OK	 
USER	RecordedSimulation	198	END	1576301339959	1576301347348
USER	RecordedSimulation	938	START	1576301347348	1576301347348
USER	RecordedSimulation	939	START	1576301347359	1576301347359
USER	RecordedSimulation	940	START	1576301347369	1576301347369
USER	RecordedSimulation	941	START	1576301347379	1576301347379
REQUEST	205		request_0	1576301343869	1576301347386	OK	 
USER	RecordedSimulation	205	END	1576301340018	1576301347387
USER	RecordedSimulation	942	START	1576301347388	1576301347388
USER	RecordedSimulation	943	START	1576301347398	1576301347398
USER	RecordedSimulation	944	START	1576301347409	1576301347409
USER	RecordedSimulation	945	START	1576301347419	1576301347419
USER	RecordedSimulation	946	START	1576301347429	1576301347429
USER	RecordedSimulation	947	START	1576301347439	1576301347439
USER	RecordedSimulation	948	START	1576301347449	1576301347449
USER	RecordedSimulation	949	START	1576301347459	1576301347459
USER	RecordedSimulation	950	START	1576301347468	1576301347468
USER	RecordedSimulation	951	START	1576301347479	1576301347479
USER	RecordedSimulation	952	START	1576301347489	1576301347489
USER	RecordedSimulation	953	START	1576301347499	1576301347499
USER	RecordedSimulation	954	START	1576301347508	1576301347508
USER	RecordedSimulation	955	START	1576301347518	1576301347518
USER	RecordedSimulation	956	START	1576301347529	1576301347529
REQUEST	194		request_0	1576301343689	1576301347533	OK	 
USER	RecordedSimulation	194	END	1576301339919	1576301347534
USER	RecordedSimulation	957	START	1576301347539	1576301347539
REQUEST	197		request_0	1576301343738	1576301347549	OK	 
USER	RecordedSimulation	958	START	1576301347549	1576301347549
USER	RecordedSimulation	197	END	1576301339948	1576301347550
USER	RecordedSimulation	959	START	1576301347558	1576301347558
USER	RecordedSimulation	960	START	1576301347568	1576301347568
USER	RecordedSimulation	961	START	1576301347578	1576301347578
REQUEST	199		request_0	1576301343769	1576301347579	OK	 
USER	RecordedSimulation	199	END	1576301339969	1576301347580
USER	RecordedSimulation	962	START	1576301347589	1576301347589
REQUEST	200		request_0	1576301343788	1576301347591	OK	 
USER	RecordedSimulation	200	END	1576301339979	1576301347591
USER	RecordedSimulation	963	START	1576301347599	1576301347599
REQUEST	203		request_0	1576301343819	1576301347603	OK	 
USER	RecordedSimulation	203	END	1576301339998	1576301347603
REQUEST	204		request_0	1576301343859	1576301347603	OK	 
USER	RecordedSimulation	204	END	1576301340008	1576301347604
USER	RecordedSimulation	964	START	1576301347609	1576301347609
REQUEST	201		request_0	1576301343809	1576301347615	OK	 
USER	RecordedSimulation	201	END	1576301339988	1576301347615
REQUEST	210		request_0	1576301343959	1576301347615	OK	 
USER	RecordedSimulation	210	END	1576301340068	1576301347616
USER	RecordedSimulation	965	START	1576301347618	1576301347618
REQUEST	202		request_0	1576301343839	1576301347624	OK	 
USER	RecordedSimulation	202	END	1576301339998	1576301347624
USER	RecordedSimulation	966	START	1576301347628	1576301347628
REQUEST	206		request_0	1576301343889	1576301347631	OK	 
USER	RecordedSimulation	206	END	1576301340029	1576301347631
USER	RecordedSimulation	967	START	1576301347638	1576301347638
USER	RecordedSimulation	968	START	1576301347649	1576301347649
USER	RecordedSimulation	969	START	1576301347659	1576301347659
USER	RecordedSimulation	970	START	1576301347669	1576301347669
USER	RecordedSimulation	971	START	1576301347678	1576301347678
USER	RecordedSimulation	972	START	1576301347689	1576301347689
USER	RecordedSimulation	973	START	1576301347699	1576301347699
USER	RecordedSimulation	974	START	1576301347709	1576301347709
USER	RecordedSimulation	975	START	1576301347718	1576301347718
USER	RecordedSimulation	976	START	1576301347728	1576301347728
USER	RecordedSimulation	977	START	1576301347739	1576301347739
USER	RecordedSimulation	978	START	1576301347749	1576301347749
USER	RecordedSimulation	979	START	1576301347759	1576301347759
USER	RecordedSimulation	980	START	1576301347768	1576301347768
USER	RecordedSimulation	981	START	1576301347779	1576301347779
USER	RecordedSimulation	982	START	1576301347789	1576301347789
USER	RecordedSimulation	983	START	1576301347799	1576301347799
USER	RecordedSimulation	984	START	1576301347809	1576301347809
USER	RecordedSimulation	985	START	1576301347818	1576301347818
USER	RecordedSimulation	986	START	1576301347829	1576301347829
USER	RecordedSimulation	987	START	1576301347839	1576301347839
REQUEST	213		request_0	1576301343999	1576301347841	OK	 
USER	RecordedSimulation	213	END	1576301340099	1576301347842
USER	RecordedSimulation	988	START	1576301347849	1576301347849
USER	RecordedSimulation	989	START	1576301347858	1576301347858
REQUEST	209		request_0	1576301343939	1576301347864	OK	 
USER	RecordedSimulation	209	END	1576301340058	1576301347865
USER	RecordedSimulation	990	START	1576301347868	1576301347868
USER	RecordedSimulation	991	START	1576301347879	1576301347879
USER	RecordedSimulation	992	START	1576301347889	1576301347889
USER	RecordedSimulation	993	START	1576301347899	1576301347899
USER	RecordedSimulation	994	START	1576301347908	1576301347908
USER	RecordedSimulation	995	START	1576301347919	1576301347919
USER	RecordedSimulation	996	START	1576301347929	1576301347929
USER	RecordedSimulation	997	START	1576301347939	1576301347939
REQUEST	208		request_0	1576301343918	1576301347942	OK	 
USER	RecordedSimulation	208	END	1576301340049	1576301347943
USER	RecordedSimulation	998	START	1576301347949	1576301347949
